Softomation/HighwaySolutions/Handled/UHFAndriod/app/build/intermediates/manifest_merge_blame_file/debug/processDebugMainManifest/manifest-merger-blame-debug-report.txt
1<?xml version="1.0" encoding="utf-8"?>
2<manifest xmlns:android="http://schemas.android.com/apk/res/android"
3    package="com.seuic.uhfdemo"
4    android:versionCode="1"
5    android:versionName="1.0" >
6
7    <uses-sdk
8        android:minSdkVersion="18"
9        android:targetSdkVersion="26" />
10
11    <uses-permission android:name="android.permission.KILL_BACKGROUND_PROCESSES" />
11-->src\main\AndroidManifest.xml:7:5-83
11-->src\main\AndroidManifest.xml:7:22-81
12    <uses-permission android:name="android.permission.FORCE_STOP_PACKAGES" />
12-->src\main\AndroidManifest.xml:8:5-9:59
12-->src\main\AndroidManifest.xml:8:22-75
13    <uses-permission android:name="android.permission.INTERNET" />
13-->src\main\AndroidManifest.xml:11:5-66
13-->src\main\AndroidManifest.xml:11:22-64
14    <uses-permission android:name="android.permission.BROADCAST_STICKY" />
14-->src\main\AndroidManifest.xml:12:5-75
14-->src\main\AndroidManifest.xml:12:22-72
15
16    <application
16-->src\main\AndroidManifest.xml:15:5-32:19
17        android:allowBackup="true"
17-->src\main\AndroidManifest.xml:16:9-35
18        android:debuggable="true"
19        android:extractNativeLibs="true"
20        android:icon="@drawable/ic_launcher"
20-->src\main\AndroidManifest.xml:17:9-45
21        android:label="@string/app_name"
21-->src\main\AndroidManifest.xml:18:9-41
22        android:testOnly="true"
23        android:theme="@style/AppTheme" >
23-->src\main\AndroidManifest.xml:19:9-40
24        <uses-library android:name="com.seuic.uhf" />
24-->src\main\AndroidManifest.xml:20:9-54
24-->src\main\AndroidManifest.xml:20:23-51
25
26        <activity
26-->src\main\AndroidManifest.xml:22:9-31:20
27            android:name="com.seuic.uhfdemo.MainActivity"
27-->src\main\AndroidManifest.xml:23:13-41
28            android:label="@string/app_name"
28-->src\main\AndroidManifest.xml:24:13-45
29            android:windowSoftInputMode="adjustPan" >
29-->src\main\AndroidManifest.xml:25:13-52
30            <intent-filter>
30-->src\main\AndroidManifest.xml:26:13-30:29
31                <action android:name="android.intent.action.MAIN" />
31-->src\main\AndroidManifest.xml:27:17-69
31-->src\main\AndroidManifest.xml:27:25-66
32
33                <category android:name="android.intent.category.LAUNCHER" />
33-->src\main\AndroidManifest.xml:29:17-77
33-->src\main\AndroidManifest.xml:29:27-74
34            </intent-filter>
35        </activity>
36
37        <meta-data
37-->[com.android.support:appcompat-v7:26.0.1] AndroidManifest.xml:26:9-28:38
38            android:name="android.support.VERSION"
38-->[com.android.support:appcompat-v7:26.0.1] AndroidManifest.xml:27:13-51
39            android:value="26.0.1" />
39-->[com.android.support:appcompat-v7:26.0.1] AndroidManifest.xml:28:13-35
40    </application>
41
42</manifest>